Using pre-set license
Built from '2021.1/staging' branch; Version is '2021.1.6f1 (c0fade0cc7e9) revision 12647134'; Using compiler version '192528614'; Build Type 'Release'
OS: 'Windows 7  (6.1.0) 64bit' Language: 'ru' Physical Memory: 16382 MB
BatchMode: 1, IsHumanControllingUs: 0, StartBugReporterOnCrash: 0, Is64bit: 1, IsPro: 0

 COMMAND LINE ARGUMENTS:
F:\unityHub\2021.1.6f1\Editor\Unity.exe
-adb2
-batchMode
-noUpm
-name
AssetImportWorker0
-projectPath
C:/Users/Тои тян/Documents/GitHub/ParadoxCity/ParadoxCity
-logFile
Logs/AssetImportWorker0.log
-srvPort
63026
Successfully changed project path to: C:/Users/Тои тян/Documents/GitHub/ParadoxCity/ParadoxCity
C:/Users/Тои тян/Documents/GitHub/ParadoxCity/ParadoxCity
Using Asset Import Pipeline V2.
Refreshing native plugins compatible for Editor in 163.49 ms, found 2 plugins.
Preloading 0 native plugins for Editor in 0.00 ms.
Initialize engine version: 2021.1.6f1 (c0fade0cc7e9)
[Subsystems] Discovering subsystems at path F:/unityHub/2021.1.6f1/Editor/Data/Resources/UnitySubsystems
[Subsystems] Discovering subsystems at path C:/Users/Тои тян/Documents/GitHub/ParadoxCity/ParadoxCity/Assets
GfxDevice: creating device client; threaded=0; jobified=0
d3d11: CreateDXGIFactory2(...) not found, fallbacking to CreateDXGIFactory1(...).
d3d11: QueryInterface(IDXGIFactory5) failed (80004002).
Direct3D:
    Version:  Direct3D 11.0 [level 11.0]
    Renderer: Radeon RX 560 Series (ID=0x67ff)
    Vendor:   ATI
    VRAM:     4073 MB
    Driver:   27.20.15003.5017
Initialize mono
Mono path[0] = 'F:/unityHub/2021.1.6f1/Editor/Data/Managed'
Mono path[1] = 'F:/unityHub/2021.1.6f1/Editor/Data/MonoBleedingEdge/lib/mono/unityjit'
Mono config path = 'F:/unityHub/2021.1.6f1/Editor/Data/MonoBleedingEdge/etc'
Using monoOptions --debugger-agent=transport=dt_socket,embedding=1,server=y,suspend=n,address=127.0.0.1:56020
Begin MonoManager ReloadAssembly
Registering precompiled unity dll's ...
Register platform support module: F:/unityHub/2021.1.6f1/Editor/Data/PlaybackEngines/WebGLSupport/UnityEditor.WebGL.Extensions.dll
Register platform support module: F:/unityHub/2021.1.6f1/Editor/Data/PlaybackEngines/WindowsStandaloneSupport/UnityEditor.WindowsStandalone.Extensions.dll
Registered in 0.001214 seconds.
Native extension for WindowsStandalone target not found
Native extension for WebGL target not found
Refreshing native plugins compatible for Editor in 168.47 ms, found 2 plugins.
Preloading 0 native plugins for Editor in 0.00 ms.
Mono: successfully reloaded assembly
- Completed reload, in  2.305 seconds
Platform modules already initialized, skipping
Registering precompiled user dll's ...
Registered in 0.004331 seconds.
Begin MonoManager ReloadAssembly
Native extension for WindowsStandalone target not found
Native extension for WebGL target not found
Refreshing native plugins compatible for Editor in 166.85 ms, found 2 plugins.
Preloading 0 native plugins for Editor in 0.00 ms.
Mono: successfully reloaded assembly
- Completed reload, in  2.193 seconds
Platform modules already initialized, skipping
========================================================================
Worker process is ready to serve import requests
Launched and connected shader compiler UnityShaderCompiler.exe after 0.02 seconds
Refreshing native plugins compatible for Editor in 1.34 ms, found 2 plugins.
Preloading 0 native plugins for Editor in 0.00 ms.
Unloading 3370 Unused Serialized files (Serialized files now loaded: 0)
System memory in use before: 127.7 MB.
System memory in use after: 127.9 MB.

Unloading 24 unused Assets to reduce memory usage. Loaded Objects now: 3827.
Total: 5.978323 ms (FindLiveObjects: 0.998268 ms CreateObjectMapping: 0.254482 ms MarkObjects: 4.630552 ms  DeleteObjects: 0.092473 ms)

========================================================================
Received Import Request.
  path: Assets/idle.gif
  artifactKey: Guid(5d10b2349fcdc8244b58322d0c06fc8d) Importer(815301076,1909f56bfc062723c751e8b465ee728b)
Start importing Assets/idle.gif using Guid(5d10b2349fcdc8244b58322d0c06fc8d) Importer(815301076,1909f56bfc062723c751e8b465ee728b)  -> (artifact id: 'c8c3eba6dff11e88d2e4be682e6a1b35') in 0.241682 seconds 
========================================================================
Received Import Request.
  Time since last request: 5774.590406 seconds.
  path: Assets/idle.gif
  artifactKey: Guid(5d10b2349fcdc8244b58322d0c06fc8d) Importer(815301076,1909f56bfc062723c751e8b465ee728b)
Start importing Assets/idle.gif using Guid(5d10b2349fcdc8244b58322d0c06fc8d) Importer(815301076,1909f56bfc062723c751e8b465ee728b)  -> (artifact id: 'c74f3bee03aeea9681c1731d4aef310e') in 0.018009 seconds 
========================================================================
Received Import Request.
  Time since last request: 92.766012 seconds.
  path: Assets/idle.gif
  artifactKey: Guid(5d10b2349fcdc8244b58322d0c06fc8d) Importer(815301076,1909f56bfc062723c751e8b465ee728b)
Start importing Assets/idle.gif using Guid(5d10b2349fcdc8244b58322d0c06fc8d) Importer(815301076,1909f56bfc062723c751e8b465ee728b)  -> (artifact id: 'eac023d0e8bd36715cf17d35bd0db6b3') in 0.014414 seconds 
========================================================================
Received Prepare
Registering precompiled user dll's ...
Registered in 0.005069 seconds.
Begin MonoManager ReloadAssembly
Native extension for WindowsStandalone target not found
Native extension for WebGL target not found
Refreshing native plugins compatible for Editor in 1.32 ms, found 2 plugins.
Preloading 0 native plugins for Editor in 0.00 ms.
Mono: successfully reloaded assembly
- Completed reload, in  1.833 seconds
Platform modules already initialized, skipping
Refreshing native plugins compatible for Editor in 1.23 ms, found 2 plugins.
Preloading 0 native plugins for Editor in 0.00 ms.
Unloading 3361 Unused Serialized files (Serialized files now loaded: 0)
System memory in use before: 132.0 MB.
System memory in use after: 132.3 MB.

Unloading 12 unused Assets to reduce memory usage. Loaded Objects now: 3880.
Total: 5.356135 ms (FindLiveObjects: 0.953852 ms CreateObjectMapping: 0.259215 ms MarkObjects: 4.108481 ms  DeleteObjects: 0.032402 ms)

========================================================================
Received Import Request.
  Time since last request: 97.764251 seconds.
  path: Assets/idle.gif
  artifactKey: Guid(5d10b2349fcdc8244b58322d0c06fc8d) Importer(815301076,1909f56bfc062723c751e8b465ee728b)
Start importing Assets/idle.gif using Guid(5d10b2349fcdc8244b58322d0c06fc8d) Importer(815301076,1909f56bfc062723c751e8b465ee728b)  -> (artifact id: '557394973f8672ead7e89ebdb34efc40') in 0.074881 seconds 
========================================================================
Received Prepare
Registering precompiled user dll's ...
Registered in 0.005430 seconds.
Begin MonoManager ReloadAssembly
Native extension for WindowsStandalone target not found
Native extension for WebGL target not found
Refreshing native plugins compatible for Editor in 1.30 ms, found 2 plugins.
Preloading 0 native plugins for Editor in 0.00 ms.
Mono: successfully reloaded assembly
- Completed reload, in  1.929 seconds
Platform modules already initialized, skipping
Refreshing native plugins compatible for Editor in 1.58 ms, found 2 plugins.
Preloading 0 native plugins for Editor in 0.00 ms.
Unloading 3360 Unused Serialized files (Serialized files now loaded: 0)
System memory in use before: 132.5 MB.
System memory in use after: 132.7 MB.

Unloading 12 unused Assets to reduce memory usage. Loaded Objects now: 3898.
Total: 6.101741 ms (FindLiveObjects: 1.116225 ms CreateObjectMapping: 0.250477 ms MarkObjects: 4.696447 ms  DeleteObjects: 0.036771 ms)

========================================================================
Received Import Request.
  Time since last request: 1126.547679 seconds.
  path: Assets/run.gif
  artifactKey: Guid(ca13e10b1e97aca40bcf00fe75a41e28) Importer(815301076,1909f56bfc062723c751e8b465ee728b)
Start importing Assets/run.gif using Guid(ca13e10b1e97aca40bcf00fe75a41e28) Importer(815301076,1909f56bfc062723c751e8b465ee728b)  -> (artifact id: '9a8a488d64ff6e8c6a22048830e90aaa') in 0.103862 seconds 
========================================================================
Received Import Request.
  Time since last request: 4.068206 seconds.
  path: Assets/walk.gif
  artifactKey: Guid(22fe945ae6abe8c4e80e38f1ef787e17) Importer(815301076,1909f56bfc062723c751e8b465ee728b)
Start importing Assets/walk.gif using Guid(22fe945ae6abe8c4e80e38f1ef787e17) Importer(815301076,1909f56bfc062723c751e8b465ee728b)  -> (artifact id: 'f93eb32d4b06be209a37a4fe3d566aa3') in 0.015372 seconds 
========================================================================
Received Import Request.
  Time since last request: 1677.411450 seconds.
  path: Assets/bg.psd
  artifactKey: Guid(d615e37dc9681d848b3596a78457fd47) Importer(815301076,1909f56bfc062723c751e8b465ee728b)
Start importing Assets/bg.psd using Guid(d615e37dc9681d848b3596a78457fd47) Importer(815301076,1909f56bfc062723c751e8b465ee728b)  -> (artifact id: '45945fc9951e4201c55691bbae3670ea') in 0.049450 seconds 
========================================================================
Received Import Request.
  Time since last request: 36.533224 seconds.
  path: Assets
  artifactKey: Guid(00000000000000001000000000000000) Importer(815301076,1909f56bfc062723c751e8b465ee728b)
Start importing Assets using Guid(00000000000000001000000000000000) Importer(815301076,1909f56bfc062723c751e8b465ee728b)  -> (artifact id: '42d402b061de3733987d63b9cc3b64de') in 0.011352 seconds 
========================================================================
Received Import Request.
  Time since last request: 9.441079 seconds.
  path: Assets/animations
  artifactKey: Guid(1675c8176080f2743be8f7de8eef29d2) Importer(815301076,1909f56bfc062723c751e8b465ee728b)
Start importing Assets/animations using Guid(1675c8176080f2743be8f7de8eef29d2) Importer(815301076,1909f56bfc062723c751e8b465ee728b)  -> (artifact id: '71fe14f86a1944f688f17a3f8e2b717c') in 0.003086 seconds 
========================================================================
Received Import Request.
  Time since last request: 16.392766 seconds.
  path: Assets/background
  artifactKey: Guid(ca9fce3cb0dc00e43a804492f89ec12b) Importer(815301076,1909f56bfc062723c751e8b465ee728b)
Start importing Assets/background using Guid(ca9fce3cb0dc00e43a804492f89ec12b) Importer(815301076,1909f56bfc062723c751e8b465ee728b)  -> (artifact id: '5174db9288e1e13be581a75b9138ff4f') in 0.003783 seconds 
========================================================================
Received Import Request.
  Time since last request: 44.514539 seconds.
  path: Assets/background/bg001.png
  artifactKey: Guid(9db94d96a94982a48b7e9c526fc64a1b) Importer(815301076,1909f56bfc062723c751e8b465ee728b)
Start importing Assets/background/bg001.png using Guid(9db94d96a94982a48b7e9c526fc64a1b) Importer(815301076,1909f56bfc062723c751e8b465ee728b)  -> (artifact id: '71f63b457ac5817b9c0bd1e17b500b4b') in 0.029511 seconds 
========================================================================
Received Import Request.
  Time since last request: 0.000309 seconds.
  path: Assets/background/bg002.png
  artifactKey: Guid(f12fdac9dfe9df444bffc5e4444c55fc) Importer(815301076,1909f56bfc062723c751e8b465ee728b)
Start importing Assets/background/bg002.png using Guid(f12fdac9dfe9df444bffc5e4444c55fc) Importer(815301076,1909f56bfc062723c751e8b465ee728b)  -> (artifact id: 'd4afb00999b88d6b8a35a8a85c35358b') in 0.036222 seconds 
========================================================================
Received Import Request.
  Time since last request: 0.000755 seconds.
  path: Assets/background/bg003.png
  artifactKey: Guid(fd8da36189bff01429c2b0cea2cc2dfd) Importer(815301076,1909f56bfc062723c751e8b465ee728b)
Start importing Assets/background/bg003.png using Guid(fd8da36189bff01429c2b0cea2cc2dfd) Importer(815301076,1909f56bfc062723c751e8b465ee728b)  -> (artifact id: '7e7ad51b5a88bcd5d3cb049b2a89f7b6') in 0.033351 seconds 
========================================================================
Received Import Request.
  Time since last request: 39.712567 seconds.
  path: Assets/background/bg003.png
  artifactKey: Guid(fd8da36189bff01429c2b0cea2cc2dfd) Importer(815301076,1909f56bfc062723c751e8b465ee728b)
Start importing Assets/background/bg003.png using Guid(fd8da36189bff01429c2b0cea2cc2dfd) Importer(815301076,1909f56bfc062723c751e8b465ee728b)  -> (artifact id: '75b3ef88d3e820f83b772c83973b161b') in 0.031535 seconds 
========================================================================
Received Import Request.
  Time since last request: 21.726759 seconds.
  path: Assets/background/bg001.png
  artifactKey: Guid(9db94d96a94982a48b7e9c526fc64a1b) Importer(815301076,1909f56bfc062723c751e8b465ee728b)
Start importing Assets/background/bg001.png using Guid(9db94d96a94982a48b7e9c526fc64a1b) Importer(815301076,1909f56bfc062723c751e8b465ee728b)  -> (artifact id: '7a49ff76565ceda6b4e6c11dd8c69501') in 0.026267 seconds 
========================================================================
Received Import Request.
  Time since last request: 6.320552 seconds.
  path: Assets/background/bg002.png
  artifactKey: Guid(f12fdac9dfe9df444bffc5e4444c55fc) Importer(815301076,1909f56bfc062723c751e8b465ee728b)
Start importing Assets/background/bg002.png using Guid(f12fdac9dfe9df444bffc5e4444c55fc) Importer(815301076,1909f56bfc062723c751e8b465ee728b)  -> (artifact id: 'ddf44e39791ef152c78c087d07bda3d5') in 0.020747 seconds 
========================================================================
Received Import Request.
  Time since last request: 43.434124 seconds.
  path: ProjectSettings/TagManager.asset
  artifactKey: Guid(00000000000000003000000000000000) Importer(815301076,1909f56bfc062723c751e8b465ee728b)
Start importing ProjectSettings/TagManager.asset using Guid(00000000000000003000000000000000) Importer(815301076,1909f56bfc062723c751e8b465ee728b)  -> (artifact id: '95df672b4aaba54310d34c83eef51bb8') in 0.004734 seconds 
========================================================================
Received Import Request.
  Time since last request: 518.215458 seconds.
  path: Assets/animations/idle.controller
  artifactKey: Guid(a8748fd4cfc72d44fb9a3005bf2f1390) Importer(815301076,1909f56bfc062723c751e8b465ee728b)
Start importing Assets/animations/idle.controller using Guid(a8748fd4cfc72d44fb9a3005bf2f1390) Importer(815301076,1909f56bfc062723c751e8b465ee728b)  -> (artifact id: 'c90db6602a4aab06129bf97688d54077') in 0.006507 seconds 
========================================================================
Received Import Request.
  Time since last request: 20.976540 seconds.
  path: Assets/animations/001.png
  artifactKey: Guid(f30f5e4f269e5854fb60e335657b8a66) Importer(815301076,1909f56bfc062723c751e8b465ee728b)
Start importing Assets/animations/001.png using Guid(f30f5e4f269e5854fb60e335657b8a66) Importer(815301076,1909f56bfc062723c751e8b465ee728b)  -> (artifact id: 'f734dbdd5c10a49606d938d5cd7c9ced') in 0.019461 seconds 
========================================================================
Received Import Request.
  Time since last request: 1.664686 seconds.
  path: Assets/animations/002.png
  artifactKey: Guid(c95517270e35e214684d11d5433558c9) Importer(815301076,1909f56bfc062723c751e8b465ee728b)
Start importing Assets/animations/002.png using Guid(c95517270e35e214684d11d5433558c9) Importer(815301076,1909f56bfc062723c751e8b465ee728b)  -> (artifact id: '869f8e0de5d37ba05a2682f3f65cbfc1') in 0.017903 seconds 
========================================================================
Received Import Request.
  Time since last request: 1.549467 seconds.
  path: Assets/animations/003.png
  artifactKey: Guid(04b697f567d64ee43bda6409659a3be9) Importer(815301076,1909f56bfc062723c751e8b465ee728b)
Start importing Assets/animations/003.png using Guid(04b697f567d64ee43bda6409659a3be9) Importer(815301076,1909f56bfc062723c751e8b465ee728b)  -> (artifact id: '702ede53ba26c4dd56124a05eed589c2') in 0.018401 seconds 
========================================================================
Received Import Request.
  Time since last request: 4.341255 seconds.
  path: Assets/animations/004.png
  artifactKey: Guid(2ec9b7f891ba8cc4c833f52b78ebc5d4) Importer(815301076,1909f56bfc062723c751e8b465ee728b)
Start importing Assets/animations/004.png using Guid(2ec9b7f891ba8cc4c833f52b78ebc5d4) Importer(815301076,1909f56bfc062723c751e8b465ee728b)  -> (artifact id: 'bc72e23bbfe98e5d8445b06ce2e61eb6') in 0.016893 seconds 
========================================================================
Received Import Request.
  Time since last request: 0.000344 seconds.
  path: Assets/animations/006.png
  artifactKey: Guid(56fc0f02c88143b49bf4538b3a496a44) Importer(815301076,1909f56bfc062723c751e8b465ee728b)
Start importing Assets/animations/006.png using Guid(56fc0f02c88143b49bf4538b3a496a44) Importer(815301076,1909f56bfc062723c751e8b465ee728b)  -> (artifact id: 'ac5e7d081f83351aef24865243383cd3') in 0.017062 seconds 
========================================================================
Received Import Request.
  Time since last request: 0.000329 seconds.
  path: Assets/animations/005.png
  artifactKey: Guid(25006fb1334843c4c94ff1f431fc6297) Importer(815301076,1909f56bfc062723c751e8b465ee728b)
Start importing Assets/animations/005.png using Guid(25006fb1334843c4c94ff1f431fc6297) Importer(815301076,1909f56bfc062723c751e8b465ee728b)  -> (artifact id: '81ff4b4ba8fbd2af08e15d8468e42414') in 0.016412 seconds 
========================================================================
Received Import Request.
  Time since last request: 13.021718 seconds.
  path: Assets/animations/idle.anim
  artifactKey: Guid(b3d580f8ba0f8124db0b244acd639a0f) Importer(815301076,1909f56bfc062723c751e8b465ee728b)
Start importing Assets/animations/idle.anim using Guid(b3d580f8ba0f8124db0b244acd639a0f) Importer(815301076,1909f56bfc062723c751e8b465ee728b)  -> (artifact id: '666e0f48a660b7c91506fdd946256197') in 0.004283 seconds 
========================================================================
Received Import Request.
  Time since last request: 140.309710 seconds.
  path: Assets/animations/idle
  artifactKey: Guid(46abc4023d95d6445aeb43455a9883a8) Importer(815301076,1909f56bfc062723c751e8b465ee728b)
Start importing Assets/animations/idle using Guid(46abc4023d95d6445aeb43455a9883a8) Importer(815301076,1909f56bfc062723c751e8b465ee728b)  -> (artifact id: '69924193ec7675f69ed006cc470ceeff') in 0.002236 seconds 
========================================================================
Received Prepare
Registering precompiled user dll's ...
Registered in 0.004752 seconds.
Begin MonoManager ReloadAssembly
Native extension for WindowsStandalone target not found
Native extension for WebGL target not found
Refreshing native plugins compatible for Editor in 1.34 ms, found 2 plugins.
Preloading 0 native plugins for Editor in 0.00 ms.
Mono: successfully reloaded assembly
- Completed reload, in  1.813 seconds
Platform modules already initialized, skipping
Refreshing native plugins compatible for Editor in 1.36 ms, found 2 plugins.
Preloading 0 native plugins for Editor in 0.00 ms.
Unloading 3369 Unused Serialized files (Serialized files now loaded: 0)
System memory in use before: 154.1 MB.
System memory in use after: 154.3 MB.

Unloading 13 unused Assets to reduce memory usage. Loaded Objects now: 4124.
Total: 6.107202 ms (FindLiveObjects: 1.059067 ms CreateObjectMapping: 0.270865 ms MarkObjects: 4.743048 ms  DeleteObjects: 0.031674 ms)

========================================================================
Received Import Request.
  Time since last request: 107.251031 seconds.
  path: Assets/animations/idle/idle.anim
  artifactKey: Guid(b3d580f8ba0f8124db0b244acd639a0f) Importer(815301076,1909f56bfc062723c751e8b465ee728b)
Start importing Assets/animations/idle/idle.anim using Guid(b3d580f8ba0f8124db0b244acd639a0f) Importer(815301076,1909f56bfc062723c751e8b465ee728b)  -> (artifact id: '16541ae4d25b19730a87aecf7c1bb5f2') in 0.025141 seconds 
========================================================================
Received Import Request.
  Time since last request: 228.010422 seconds.
  path: Assets/animations/idle/idle.controller
  artifactKey: Guid(a8748fd4cfc72d44fb9a3005bf2f1390) Importer(815301076,1909f56bfc062723c751e8b465ee728b)
Start importing Assets/animations/idle/idle.controller using Guid(a8748fd4cfc72d44fb9a3005bf2f1390) Importer(815301076,1909f56bfc062723c751e8b465ee728b)  -> (artifact id: '36d437ce95ebd2e097a19c5756c22b2c') in 0.004396 seconds 
