Using pre-set license
Built from '2021.1/staging' branch; Version is '2021.1.6f1 (c0fade0cc7e9) revision 12647134'; Using compiler version '192528614'; Build Type 'Release'
OS: 'Windows 7  (6.1.0) 64bit' Language: 'ru' Physical Memory: 16382 MB
BatchMode: 1, IsHumanControllingUs: 0, StartBugReporterOnCrash: 0, Is64bit: 1, IsPro: 0

 COMMAND LINE ARGUMENTS:
F:\unityHub\2021.1.6f1\Editor\Unity.exe
-adb2
-batchMode
-noUpm
-name
AssetImportWorker1
-projectPath
C:/Users/Тои тян/Documents/GitHub/ParadoxCity/ParadoxCity
-logFile
Logs/AssetImportWorker1.log
-srvPort
63026
Successfully changed project path to: C:/Users/Тои тян/Documents/GitHub/ParadoxCity/ParadoxCity
C:/Users/Тои тян/Documents/GitHub/ParadoxCity/ParadoxCity
Using Asset Import Pipeline V2.
Refreshing native plugins compatible for Editor in 158.22 ms, found 2 plugins.
Preloading 0 native plugins for Editor in 0.00 ms.
Initialize engine version: 2021.1.6f1 (c0fade0cc7e9)
[Subsystems] Discovering subsystems at path F:/unityHub/2021.1.6f1/Editor/Data/Resources/UnitySubsystems
[Subsystems] Discovering subsystems at path C:/Users/Тои тян/Documents/GitHub/ParadoxCity/ParadoxCity/Assets
GfxDevice: creating device client; threaded=0; jobified=0
d3d11: CreateDXGIFactory2(...) not found, fallbacking to CreateDXGIFactory1(...).
d3d11: QueryInterface(IDXGIFactory5) failed (80004002).
Direct3D:
    Version:  Direct3D 11.0 [level 11.0]
    Renderer: Radeon RX 560 Series (ID=0x67ff)
    Vendor:   ATI
    VRAM:     4073 MB
    Driver:   27.20.15003.5017
Initialize mono
Mono path[0] = 'F:/unityHub/2021.1.6f1/Editor/Data/Managed'
Mono path[1] = 'F:/unityHub/2021.1.6f1/Editor/Data/MonoBleedingEdge/lib/mono/unityjit'
Mono config path = 'F:/unityHub/2021.1.6f1/Editor/Data/MonoBleedingEdge/etc'
Using monoOptions --debugger-agent=transport=dt_socket,embedding=1,server=y,suspend=n,address=127.0.0.1:56048
Begin MonoManager ReloadAssembly
Registering precompiled unity dll's ...
Register platform support module: F:/unityHub/2021.1.6f1/Editor/Data/PlaybackEngines/WebGLSupport/UnityEditor.WebGL.Extensions.dll
Register platform support module: F:/unityHub/2021.1.6f1/Editor/Data/PlaybackEngines/WindowsStandaloneSupport/UnityEditor.WindowsStandalone.Extensions.dll
Registered in 0.001351 seconds.
Native extension for WindowsStandalone target not found
Native extension for WebGL target not found
Refreshing native plugins compatible for Editor in 167.27 ms, found 2 plugins.
Preloading 0 native plugins for Editor in 0.00 ms.
Mono: successfully reloaded assembly
- Completed reload, in 21.002 seconds
Platform modules already initialized, skipping
Registering precompiled user dll's ...
Registered in 0.003353 seconds.
Begin MonoManager ReloadAssembly
Native extension for WindowsStandalone target not found
Native extension for WebGL target not found
Refreshing native plugins compatible for Editor in 169.11 ms, found 2 plugins.
Preloading 0 native plugins for Editor in 0.00 ms.
Mono: successfully reloaded assembly
- Completed reload, in  2.037 seconds
Platform modules already initialized, skipping
========================================================================
Worker process is ready to serve import requests
Launched and connected shader compiler UnityShaderCompiler.exe after 0.12 seconds
Refreshing native plugins compatible for Editor in 1.42 ms, found 2 plugins.
Preloading 0 native plugins for Editor in 0.00 ms.
Unloading 3373 Unused Serialized files (Serialized files now loaded: 0)
System memory in use before: 127.9 MB.
System memory in use after: 128.1 MB.

Unloading 24 unused Assets to reduce memory usage. Loaded Objects now: 3830.
Total: 5.568749 ms (FindLiveObjects: 0.958585 ms CreateObjectMapping: 0.277418 ms MarkObjects: 4.234812 ms  DeleteObjects: 0.096113 ms)

========================================================================
Received Import Request.
  path: ProjectSettings/TagManager.asset
  artifactKey: Guid(00000000000000003000000000000000) Importer(815301076,1909f56bfc062723c751e8b465ee728b)
Start importing ProjectSettings/TagManager.asset using Guid(00000000000000003000000000000000) Importer(815301076,1909f56bfc062723c751e8b465ee728b)  -> (artifact id: '530737e93f9f465006e44f7c4aed7caa') in 0.072586 seconds 
========================================================================
Received Prepare
Refreshing native plugins compatible for Editor in 4.14 ms, found 2 plugins.
Preloading 0 native plugins for Editor in 0.00 ms.
Unloading 10 Unused Serialized files (Serialized files now loaded: 0)
System memory in use before: 60.7 MB.
System memory in use after: 61.0 MB.

Unloading 11 unused Assets to reduce memory usage. Loaded Objects now: 3830.
Total: 6.941641 ms (FindLiveObjects: 1.050330 ms CreateObjectMapping: 0.275962 ms MarkObjects: 5.577851 ms  DeleteObjects: 0.035314 ms)

========================================================================
Received Prepare
Registering precompiled user dll's ...
Registered in 0.003761 seconds.
Begin MonoManager ReloadAssembly
Native extension for WindowsStandalone target not found
Native extension for WebGL target not found
Refreshing native plugins compatible for Editor in 1.38 ms, found 2 plugins.
Preloading 0 native plugins for Editor in 0.00 ms.
Mono: successfully reloaded assembly
- Completed reload, in  1.733 seconds
Platform modules already initialized, skipping
Refreshing native plugins compatible for Editor in 1.25 ms, found 2 plugins.
Preloading 0 native plugins for Editor in 0.00 ms.
Unloading 3363 Unused Serialized files (Serialized files now loaded: 0)
System memory in use before: 127.4 MB.
System memory in use after: 127.6 MB.

Unloading 12 unused Assets to reduce memory usage. Loaded Objects now: 3834.
Total: 5.606248 ms (FindLiveObjects: 0.944022 ms CreateObjectMapping: 0.283243 ms MarkObjects: 4.340027 ms  DeleteObjects: 0.036407 ms)

========================================================================
Received Prepare
Registering precompiled user dll's ...
Registered in 0.004198 seconds.
Begin MonoManager ReloadAssembly
Native extension for WindowsStandalone target not found
Native extension for WebGL target not found
Refreshing native plugins compatible for Editor in 1.68 ms, found 2 plugins.
Preloading 0 native plugins for Editor in 0.00 ms.
Mono: successfully reloaded assembly
- Completed reload, in  2.209 seconds
Platform modules already initialized, skipping
Refreshing native plugins compatible for Editor in 1.39 ms, found 2 plugins.
Preloading 0 native plugins for Editor in 0.00 ms.
Unloading 3363 Unused Serialized files (Serialized files now loaded: 0)
System memory in use before: 127.4 MB.
System memory in use after: 127.7 MB.

Unloading 12 unused Assets to reduce memory usage. Loaded Objects now: 3838.
Total: 7.369054 ms (FindLiveObjects: 0.946571 ms CreateObjectMapping: 0.242832 ms MarkObjects: 6.134871 ms  DeleteObjects: 0.042232 ms)

========================================================================
Received Import Request.
  Time since last request: 174.810349 seconds.
  path: ProjectSettings/TagManager.asset
  artifactKey: Guid(00000000000000003000000000000000) Importer(815301076,1909f56bfc062723c751e8b465ee728b)
Start importing ProjectSettings/TagManager.asset using Guid(00000000000000003000000000000000) Importer(815301076,1909f56bfc062723c751e8b465ee728b)  -> (artifact id: 'f6915e448efe7651ca300e98b0be300b') in 0.027645 seconds 
========================================================================
Received Prepare
Registering precompiled user dll's ...
Registered in 0.003701 seconds.
Begin MonoManager ReloadAssembly
Native extension for WindowsStandalone target not found
Native extension for WebGL target not found
Refreshing native plugins compatible for Editor in 1.60 ms, found 2 plugins.
Preloading 0 native plugins for Editor in 0.00 ms.
Mono: successfully reloaded assembly
- Completed reload, in  1.751 seconds
Platform modules already initialized, skipping
Refreshing native plugins compatible for Editor in 1.39 ms, found 2 plugins.
Preloading 0 native plugins for Editor in 0.00 ms.
Unloading 3363 Unused Serialized files (Serialized files now loaded: 0)
System memory in use before: 127.5 MB.
System memory in use after: 127.7 MB.

Unloading 13 unused Assets to reduce memory usage. Loaded Objects now: 3842.
Total: 6.873924 ms (FindLiveObjects: 1.128968 ms CreateObjectMapping: 0.395011 ms MarkObjects: 5.310626 ms  DeleteObjects: 0.036043 ms)

========================================================================
Received Import Request.
  Time since last request: 225.297771 seconds.
  path: Assets/animations/new/ShadWalk.anim
  artifactKey: Guid(b346ca0a8476bb44ea9c58670fce78dc) Importer(815301076,1909f56bfc062723c751e8b465ee728b)
Start importing Assets/animations/new/ShadWalk.anim using Guid(b346ca0a8476bb44ea9c58670fce78dc) Importer(815301076,1909f56bfc062723c751e8b465ee728b)  -> (artifact id: '956eefe95592e8c19f5f34b74d4e06ef') in 0.027918 seconds 
========================================================================
Received Import Request.
  Time since last request: 16.016491 seconds.
  path: Assets/animations/new/AntiWalk.anim
  artifactKey: Guid(ebfbf713a5468f74aabb9d444e247fd7) Importer(815301076,1909f56bfc062723c751e8b465ee728b)
Start importing Assets/animations/new/AntiWalk.anim using Guid(ebfbf713a5468f74aabb9d444e247fd7) Importer(815301076,1909f56bfc062723c751e8b465ee728b)  -> (artifact id: 'af1b669478eca97beb282cc951492dba') in 0.004474 seconds 
========================================================================
Received Import Request.
  Time since last request: 11.674144 seconds.
  path: Assets/animations/new/ShadRun.anim
  artifactKey: Guid(9119e661c92cb434ea8796972032b7da) Importer(815301076,1909f56bfc062723c751e8b465ee728b)
Start importing Assets/animations/new/ShadRun.anim using Guid(9119e661c92cb434ea8796972032b7da) Importer(815301076,1909f56bfc062723c751e8b465ee728b)  -> (artifact id: 'd27f3e4fd726eba3fb9ccf1954180968') in 0.004129 seconds 
========================================================================
Received Import Request.
  Time since last request: 4.491018 seconds.
  path: Assets/animations/new/AntiRun.anim
  artifactKey: Guid(263e77eec58437747aa55ed14a00d2a5) Importer(815301076,1909f56bfc062723c751e8b465ee728b)
Start importing Assets/animations/new/AntiRun.anim using Guid(263e77eec58437747aa55ed14a00d2a5) Importer(815301076,1909f56bfc062723c751e8b465ee728b)  -> (artifact id: '167510ab1cf6ec7644cb37c529f33be9') in 0.004045 seconds 
========================================================================
Received Import Request.
  Time since last request: 1.568698 seconds.
  path: Assets/animations/new/ShadIdle.anim
  artifactKey: Guid(60d9e96a232c2f44096aeba51ab217dd) Importer(815301076,1909f56bfc062723c751e8b465ee728b)
Start importing Assets/animations/new/ShadIdle.anim using Guid(60d9e96a232c2f44096aeba51ab217dd) Importer(815301076,1909f56bfc062723c751e8b465ee728b)  -> (artifact id: '184e8d54a228670f4b41351cc5a82409') in 0.004113 seconds 
========================================================================
Received Import Request.
  Time since last request: 56.295806 seconds.
  path: Assets/animations/new/shadJump.anim
  artifactKey: Guid(b61bef5b76454194bb1e8747587379c6) Importer(815301076,1909f56bfc062723c751e8b465ee728b)
Start importing Assets/animations/new/shadJump.anim using Guid(b61bef5b76454194bb1e8747587379c6) Importer(815301076,1909f56bfc062723c751e8b465ee728b)  -> (artifact id: '68635ba249d1143a72728e6ac9696e7a') in 0.004009 seconds 
========================================================================
Received Import Request.
  Time since last request: 2.526567 seconds.
  path: Assets/animations/new/AntiJump.anim
  artifactKey: Guid(4cdca872a8750fc40a498dca9c5ee801) Importer(815301076,1909f56bfc062723c751e8b465ee728b)
Start importing Assets/animations/new/AntiJump.anim using Guid(4cdca872a8750fc40a498dca9c5ee801) Importer(815301076,1909f56bfc062723c751e8b465ee728b)  -> (artifact id: '6dbcb3d904bc2fc757d38fca2a8847bf') in 0.004212 seconds 
========================================================================
Received Prepare
Registering precompiled user dll's ...
Registered in 0.004151 seconds.
Begin MonoManager ReloadAssembly
Native extension for WindowsStandalone target not found
Native extension for WebGL target not found
Refreshing native plugins compatible for Editor in 1.35 ms, found 2 plugins.
Preloading 0 native plugins for Editor in 0.00 ms.
Mono: successfully reloaded assembly
- Completed reload, in  1.848 seconds
Platform modules already initialized, skipping
Refreshing native plugins compatible for Editor in 1.21 ms, found 2 plugins.
Preloading 0 native plugins for Editor in 0.00 ms.
Unloading 3363 Unused Serialized files (Serialized files now loaded: 0)
System memory in use before: 127.5 MB.
System memory in use after: 127.7 MB.

Unloading 12 unused Assets to reduce memory usage. Loaded Objects now: 3846.
Total: 5.483193 ms (FindLiveObjects: 0.928368 ms CreateObjectMapping: 0.278146 ms MarkObjects: 4.235904 ms  DeleteObjects: 0.037863 ms)

========================================================================
Received Prepare
Registering precompiled user dll's ...
Registered in 0.003748 seconds.
Begin MonoManager ReloadAssembly
Native extension for WindowsStandalone target not found
Native extension for WebGL target not found
Refreshing native plugins compatible for Editor in 1.47 ms, found 2 plugins.
Preloading 0 native plugins for Editor in 0.00 ms.
Mono: successfully reloaded assembly
- Completed reload, in  1.843 seconds
Platform modules already initialized, skipping
Refreshing native plugins compatible for Editor in 2.02 ms, found 2 plugins.
Preloading 0 native plugins for Editor in 0.00 ms.
Unloading 3363 Unused Serialized files (Serialized files now loaded: 0)
System memory in use before: 127.5 MB.
System memory in use after: 127.7 MB.

Unloading 12 unused Assets to reduce memory usage. Loaded Objects now: 3850.
Total: 7.208137 ms (FindLiveObjects: 1.855279 ms CreateObjectMapping: 0.403021 ms MarkObjects: 4.911246 ms  DeleteObjects: 0.034950 ms)

========================================================================
Received Prepare
Registering precompiled user dll's ...
Registered in 0.003664 seconds.
Begin MonoManager ReloadAssembly
Native extension for WindowsStandalone target not found
Native extension for WebGL target not found
Refreshing native plugins compatible for Editor in 1.43 ms, found 2 plugins.
Preloading 0 native plugins for Editor in 0.00 ms.
Mono: successfully reloaded assembly
- Completed reload, in  1.752 seconds
Platform modules already initialized, skipping
Refreshing native plugins compatible for Editor in 1.41 ms, found 2 plugins.
Preloading 0 native plugins for Editor in 0.00 ms.
Unloading 3363 Unused Serialized files (Serialized files now loaded: 0)
System memory in use before: 127.5 MB.
System memory in use after: 127.8 MB.

Unloading 12 unused Assets to reduce memory usage. Loaded Objects now: 3854.
Total: 5.732943 ms (FindLiveObjects: 0.974604 ms CreateObjectMapping: 0.260307 ms MarkObjects: 4.464538 ms  DeleteObjects: 0.030582 ms)

========================================================================
Received Prepare
Registering precompiled user dll's ...
Registered in 0.004137 seconds.
Begin MonoManager ReloadAssembly
Native extension for WindowsStandalone target not found
Native extension for WebGL target not found
Refreshing native plugins compatible for Editor in 1.33 ms, found 2 plugins.
Preloading 0 native plugins for Editor in 0.00 ms.
Mono: successfully reloaded assembly
- Completed reload, in  1.752 seconds
Platform modules already initialized, skipping
Refreshing native plugins compatible for Editor in 1.40 ms, found 2 plugins.
Preloading 0 native plugins for Editor in 0.00 ms.
Unloading 3363 Unused Serialized files (Serialized files now loaded: 0)
System memory in use before: 127.5 MB.
System memory in use after: 127.8 MB.

Unloading 12 unused Assets to reduce memory usage. Loaded Objects now: 3858.
Total: 5.530158 ms (FindLiveObjects: 0.959313 ms CreateObjectMapping: 0.251933 ms MarkObjects: 4.278864 ms  DeleteObjects: 0.037499 ms)

